2026-04-28 19:39:30,503 - src.api.client - INFO - FiverrAPIClient initialized
2026-04-28 19:39:30,503 - src.engine - INFO - FiverrAutomationEngine initialized
2026-04-28 19:39:30,504 - src.engine - INFO - FiverrAutomationEngine initialized
2026-04-28 19:39:30,504 - src.api.client - INFO - FiverrAPIClient initialized
2026-04-28 19:39:30,505 - src.api.client - INFO - FiverrAPIClient initialized
2026-04-28 19:39:30,505 - src.engine - INFO - FiverrAutomationEngine initialized
2026-04-28 19:39:30,506 - src.api.client - INFO - FiverrAPIClient initialized
2026-04-28 19:39:30,506 - src.engine - INFO - FiverrAutomationEngine initialized
2026-04-28 19:39:30,506 - src.engine - INFO - Starting FiverrAutomationEngine
2026-04-28 19:39:30,507 - src.api.client - INFO - FiverrAPIClient initialized
2026-04-28 19:39:30,507 - src.engine - INFO - FiverrAutomationEngine initialized
2026-04-28 19:39:30,507 - src.engine - INFO - Starting FiverrAutomationEngine
2026-04-28 19:39:30,507 - src.engine - WARNING - Automation engine is already running
2026-04-28 19:39:30,508 - src.api.client - INFO - FiverrAPIClient initialized
2026-04-28 19:39:30,508 - src.engine - INFO - FiverrAutomationEngine initialized
2026-04-28 19:39:30,508 - src.engine - INFO - Starting FiverrAutomationEngine
2026-04-28 19:39:30,508 - src.engine - INFO - Stopping FiverrAutomationEngine
2026-04-28 19:39:30,509 - src.api.client - INFO - FiverrAPIClient initialized
2026-04-28 19:39:30,509 - src.engine - INFO - FiverrAutomationEngine initialized
2026-04-28 19:39:30,509 - src.engine - WARNING - Automation engine is not running
2026-04-28 19:39:30,509 - src.api.client - INFO - FiverrAPIClient initialized
2026-04-28 19:39:30,509 - src.engine - INFO - FiverrAutomationEngine initialized
2026-04-28 19:39:30,511 - src.api.client - INFO - FiverrAPIClient initialized
2026-04-28 19:39:30,511 - src.engine - INFO - FiverrAutomationEngine initialized
2026-04-28 19:39:30,511 - src.engine - INFO - Starting FiverrAutomationEngine
2026-04-28 19:39:30,511 - src.engine - INFO - Stopping FiverrAutomationEngine
2026-04-28 19:39:30,512 - src.api.client - INFO - FiverrAPIClient initialized
2026-04-28 19:39:30,512 - src.engine - INFO - FiverrAutomationEngine initialized
2026-04-28 19:39:30,513 - src.api.client - INFO - FiverrAPIClient initialized
2026-04-28 19:39:30,513 - src.engine - INFO - FiverrAutomationEngine initialized
2026-04-28 19:39:30,513 - src.engine - INFO - Initializing engine and API connection
2026-04-28 19:39:30,513 - src.api.client - INFO - Initializing FiverrAPIClient
2026-04-28 19:39:30,513 - src.api.client - INFO - FiverrAPIClient initialization complete
2026-04-28 19:39:30,513 - src.engine - INFO - Engine initialization complete
2026-04-28 19:40:13,868 - src.api.client - INFO - FiverrAPIClient initialized
2026-04-28 19:40:13,868 - src.engine - INFO - FiverrAutomationEngine initialized
2026-04-28 19:40:13,869 - src.engine - INFO - FiverrAutomationEngine initialized
2026-04-28 19:40:13,869 - src.api.client - INFO - FiverrAPIClient initialized
2026-04-28 19:40:13,870 - src.api.client - INFO - FiverrAPIClient initialized
2026-04-28 19:40:13,870 - src.engine - INFO - FiverrAutomationEngine initialized
2026-04-28 19:40:13,870 - src.api.client - INFO - FiverrAPIClient initialized
2026-04-28 19:40:13,871 - src.engine - INFO - FiverrAutomationEngine initialized
2026-04-28 19:40:13,871 - src.engine - INFO - Starting FiverrAutomationEngine
2026-04-28 19:40:13,871 - src.api.client - INFO - FiverrAPIClient initialized
2026-04-28 19:40:13,871 - src.engine - INFO - FiverrAutomationEngine initialized
2026-04-28 19:40:13,872 - src.engine - INFO - Starting FiverrAutomationEngine
2026-04-28 19:40:13,872 - src.engine - WARNING - Automation engine is already running
2026-04-28 19:40:13,872 - src.api.client - INFO - FiverrAPIClient initialized
2026-04-28 19:40:13,873 - src.engine - INFO - FiverrAutomationEngine initialized
2026-04-28 19:40:13,873 - src.engine - INFO - Starting FiverrAutomationEngine
2026-04-28 19:40:13,873 - src.engine - INFO - Stopping FiverrAutomationEngine
2026-04-28 19:40:13,873 - src.api.client - INFO - FiverrAPIClient initialized
2026-04-28 19:40:13,873 - src.engine - INFO - FiverrAutomationEngine initialized
2026-04-28 19:40:13,874 - src.engine - WARNING - Automation engine is not running
2026-04-28 19:40:13,874 - src.api.client - INFO - FiverrAPIClient initialized
2026-04-28 19:40:13,874 - src.engine - INFO - FiverrAutomationEngine initialized
2026-04-28 19:40:13,876 - src.api.client - INFO - FiverrAPIClient initialized
2026-04-28 19:40:13,876 - src.engine - INFO - FiverrAutomationEngine initialized
2026-04-28 19:40:13,876 - src.engine - INFO - Starting FiverrAutomationEngine
2026-04-28 19:40:13,876 - src.engine - INFO - Stopping FiverrAutomationEngine
2026-04-28 19:40:13,877 - src.api.client - INFO - FiverrAPIClient initialized
2026-04-28 19:40:13,877 - src.engine - INFO - FiverrAutomationEngine initialized
2026-04-28 19:40:13,878 - src.api.client - INFO - FiverrAPIClient initialized
2026-04-28 19:40:13,878 - src.engine - INFO - FiverrAutomationEngine initialized
2026-04-28 19:40:13,878 - src.engine - INFO - Initializing engine and API connection
2026-04-28 19:40:13,878 - src.api.client - INFO - Initializing FiverrAPIClient
2026-04-28 19:40:13,878 - src.api.client - INFO - FiverrAPIClient initialization complete
2026-04-28 19:40:13,878 - src.engine - INFO - Engine initialization complete
2026-04-28 19:40:51,325 - src.api.client - INFO - FiverrAPIClient initialized
2026-04-28 19:40:51,325 - src.engine - INFO - FiverrAutomationEngine initialized
2026-04-28 19:40:51,325 - src.engine - INFO - FiverrAutomationEngine initialized
2026-04-28 19:40:51,326 - src.api.client - INFO - FiverrAPIClient initialized
2026-04-28 19:40:51,326 - src.api.client - INFO - FiverrAPIClient initialized
2026-04-28 19:40:51,326 - src.engine - INFO - FiverrAutomationEngine initialized
2026-04-28 19:40:51,327 - src.api.client - INFO - FiverrAPIClient initialized
2026-04-28 19:40:51,327 - src.engine - INFO - FiverrAutomationEngine initialized
2026-04-28 19:40:51,327 - src.engine - INFO - Starting FiverrAutomationEngine
2026-04-28 19:40:51,328 - src.api.client - INFO - FiverrAPIClient initialized
2026-04-28 19:40:51,328 - src.engine - INFO - FiverrAutomationEngine initialized
2026-04-28 19:40:51,328 - src.engine - INFO - Starting FiverrAutomationEngine
2026-04-28 19:40:51,328 - src.engine - WARNING - Automation engine is already running
2026-04-28 19:40:51,329 - src.api.client - INFO - FiverrAPIClient initialized
2026-04-28 19:40:51,329 - src.engine - INFO - FiverrAutomationEngine initialized
2026-04-28 19:40:51,329 - src.engine - INFO - Starting FiverrAutomationEngine
2026-04-28 19:40:51,329 - src.engine - INFO - Stopping FiverrAutomationEngine
2026-04-28 19:40:51,330 - src.api.client - INFO - FiverrAPIClient initialized
2026-04-28 19:40:51,330 - src.engine - INFO - FiverrAutomationEngine initialized
2026-04-28 19:40:51,330 - src.engine - WARNING - Automation engine is not running
2026-04-28 19:40:51,331 - src.api.client - INFO - FiverrAPIClient initialized
2026-04-28 19:40:51,331 - src.engine - INFO - FiverrAutomationEngine initialized
2026-04-28 19:40:51,332 - src.api.client - INFO - FiverrAPIClient initialized
2026-04-28 19:40:51,332 - src.engine - INFO - FiverrAutomationEngine initialized
2026-04-28 19:40:51,332 - src.engine - INFO - Starting FiverrAutomationEngine
2026-04-28 19:40:51,333 - src.engine - INFO - Stopping FiverrAutomationEngine
2026-04-28 19:40:51,333 - src.api.client - INFO - FiverrAPIClient initialized
2026-04-28 19:40:51,333 - src.engine - INFO - FiverrAutomationEngine initialized
2026-04-28 19:40:51,334 - src.api.client - INFO - FiverrAPIClient initialized
2026-04-28 19:40:51,334 - src.engine - INFO - FiverrAutomationEngine initialized
2026-04-28 19:40:51,334 - src.engine - INFO - Initializing engine and API connection
2026-04-28 19:40:51,334 - src.api.client - INFO - Initializing FiverrAPIClient
2026-04-28 19:40:51,335 - src.api.client - INFO - FiverrAPIClient initialization complete
2026-04-28 19:40:51,335 - src.engine - INFO - Engine initialization complete
2026-04-29 07:47:34,465 - src.api.client - INFO - FiverrAPIClient initialized
2026-04-29 07:47:34,465 - src.engine - INFO - FiverrAutomationEngine initialized
2026-04-29 07:47:34,466 - src.engine - INFO - FiverrAutomationEngine initialized
2026-04-29 07:47:34,466 - src.api.client - INFO - FiverrAPIClient initialized
2026-04-29 07:47:34,467 - src.api.client - INFO - FiverrAPIClient initialized
2026-04-29 07:47:34,467 - src.engine - INFO - FiverrAutomationEngine initialized
2026-04-29 07:47:34,468 - src.api.client - INFO - FiverrAPIClient initialized
2026-04-29 07:47:34,468 - src.engine - INFO - FiverrAutomationEngine initialized
2026-04-29 07:47:34,468 - src.engine - INFO - Starting FiverrAutomationEngine
2026-04-29 07:47:34,469 - src.api.client - INFO - FiverrAPIClient initialized
2026-04-29 07:47:34,469 - src.engine - INFO - FiverrAutomationEngine initialized
2026-04-29 07:47:34,469 - src.engine - INFO - Starting FiverrAutomationEngine
2026-04-29 07:47:34,469 - src.engine - WARNING - Automation engine is already running
2026-04-29 07:47:34,470 - src.api.client - INFO - FiverrAPIClient initialized
2026-04-29 07:47:34,470 - src.engine - INFO - FiverrAutomationEngine initialized
2026-04-29 07:47:34,470 - src.engine - INFO - Starting FiverrAutomationEngine
2026-04-29 07:47:34,470 - src.engine - INFO - Stopping FiverrAutomationEngine
2026-04-29 07:47:34,470 - src.api.client - INFO - FiverrAPIClient initialized
2026-04-29 07:47:34,470 - src.engine - INFO - FiverrAutomationEngine initialized
2026-04-29 07:47:34,471 - src.engine - WARNING - Automation engine is not running
2026-04-29 07:47:34,471 - src.api.client - INFO - FiverrAPIClient initialized
2026-04-29 07:47:34,471 - src.engine - INFO - FiverrAutomationEngine initialized
2026-04-29 07:47:34,473 - src.api.client - INFO - FiverrAPIClient initialized
2026-04-29 07:47:34,473 - src.engine - INFO - FiverrAutomationEngine initialized
2026-04-29 07:47:34,473 - src.engine - INFO - Starting FiverrAutomationEngine
2026-04-29 07:47:34,473 - src.engine - INFO - Stopping FiverrAutomationEngine
2026-04-29 07:47:34,474 - src.api.client - INFO - FiverrAPIClient initialized
2026-04-29 07:47:34,474 - src.engine - INFO - FiverrAutomationEngine initialized
2026-04-29 07:47:34,475 - src.api.client - INFO - FiverrAPIClient initialized
2026-04-29 07:47:34,475 - src.engine - INFO - FiverrAutomationEngine initialized
2026-04-29 07:47:34,475 - src.engine - INFO - Initializing engine and API connection
2026-04-29 07:47:34,475 - src.api.client - INFO - Initializing FiverrAPIClient
2026-04-29 07:47:34,475 - src.api.client - INFO - FiverrAPIClient initialization complete
2026-04-29 07:47:34,475 - src.engine - INFO - Engine initialization complete
2026-04-29 07:48:57,816 - src.api.client - INFO - FiverrAPIClient initialized
2026-04-29 07:48:57,816 - src.engine - INFO - FiverrAutomationEngine initialized
2026-04-29 07:48:57,817 - src.engine - INFO - FiverrAutomationEngine initialized
2026-04-29 07:48:57,817 - src.api.client - INFO - FiverrAPIClient initialized
2026-04-29 07:48:57,818 - src.api.client - INFO - FiverrAPIClient initialized
2026-04-29 07:48:57,818 - src.engine - INFO - FiverrAutomationEngine initialized
2026-04-29 07:48:57,819 - src.api.client - INFO - FiverrAPIClient initialized
2026-04-29 07:48:57,819 - src.engine - INFO - FiverrAutomationEngine initialized
2026-04-29 07:48:57,819 - src.engine - INFO - Starting FiverrAutomationEngine
2026-04-29 07:48:57,819 - src.api.client - INFO - FiverrAPIClient initialized
2026-04-29 07:48:57,820 - src.engine - INFO - FiverrAutomationEngine initialized
2026-04-29 07:48:57,820 - src.engine - INFO - Starting FiverrAutomationEngine
2026-04-29 07:48:57,820 - src.engine - WARNING - Automation engine is already running
2026-04-29 07:48:57,820 - src.api.client - INFO - FiverrAPIClient initialized
2026-04-29 07:48:57,821 - src.engine - INFO - FiverrAutomationEngine initialized
2026-04-29 07:48:57,821 - src.engine - INFO - Starting FiverrAutomationEngine
2026-04-29 07:48:57,821 - src.engine - INFO - Stopping FiverrAutomationEngine
2026-04-29 07:48:57,821 - src.api.client - INFO - FiverrAPIClient initialized
2026-04-29 07:48:57,821 - src.engine - INFO - FiverrAutomationEngine initialized
2026-04-29 07:48:57,822 - src.engine - WARNING - Automation engine is not running
2026-04-29 07:48:57,822 - src.api.client - INFO - FiverrAPIClient initialized
2026-04-29 07:48:57,822 - src.engine - INFO - FiverrAutomationEngine initialized
2026-04-29 07:48:57,824 - src.api.client - INFO - FiverrAPIClient initialized
2026-04-29 07:48:57,824 - src.engine - INFO - FiverrAutomationEngine initialized
2026-04-29 07:48:57,824 - src.engine - INFO - Starting FiverrAutomationEngine
2026-04-29 07:48:57,824 - src.engine - INFO - Stopping FiverrAutomationEngine
2026-04-29 07:48:57,825 - src.api.client - INFO - FiverrAPIClient initialized
2026-04-29 07:48:57,825 - src.engine - INFO - FiverrAutomationEngine initialized
2026-04-29 07:48:57,826 - src.api.client - INFO - FiverrAPIClient initialized
2026-04-29 07:48:57,826 - src.engine - INFO - FiverrAutomationEngine initialized
2026-04-29 07:48:57,826 - src.engine - INFO - Initializing engine and API connection
2026-04-29 07:48:57,826 - src.api.client - INFO - Initializing FiverrAPIClient
2026-04-29 07:48:57,826 - src.api.client - INFO - FiverrAPIClient initialization complete
2026-04-29 07:48:57,826 - src.engine - INFO - Engine initialization complete
